{"level":"info","message":"Connector API started on port: 8080","timestamp":"2022-01-03T12:54:56.228Z"}
{"level":"info","message":"Loaded ./config/templates/fatman.json.","timestamp":"2022-01-03T12:54:56.249Z"}
{"level":"info","message":"Loaded ./config/templates/kerava-indoor.json.","timestamp":"2022-01-03T12:54:56.250Z"}
{"level":"info","message":"Loaded ./config/templates/luotettava-kumppani-interpretations.json.","timestamp":"2022-01-03T12:54:56.251Z"}
{"level":"info","message":"Loaded ./config/templates/luotettava-kumppani-report-pdf.json.","timestamp":"2022-01-03T12:54:56.251Z"}
{"level":"info","message":"Loaded ./config/templates/nuuka-v2-consumption-electricity-water.json.","timestamp":"2022-01-03T12:54:56.252Z"}
{"level":"info","message":"Loaded ./config/templates/nuuka-v2-measurements-indoor-air-electricity.json.","timestamp":"2022-01-03T12:54:56.253Z"}
{"level":"info","message":"Loaded ./config/templates/smartwatcher.json.","timestamp":"2022-01-03T12:54:56.253Z"}
{"level":"info","message":"Loaded ./config/templates/tampuuri-service-request.json.","timestamp":"2022-01-03T12:54:56.254Z"}
{"level":"info","message":"Loaded ./config/templates/test.json.","timestamp":"2022-01-03T12:54:56.254Z"}
{"level":"info","message":"Loaded ./config/templates/vilpe.json.","timestamp":"2022-01-03T12:54:56.255Z"}
{"level":"info","message":"Loaded ./config/resources/.gitignore.","timestamp":"2022-01-03T12:54:56.255Z"}
{"level":"info","message":"Loaded ./app/protocols/custom.js.","timestamp":"2022-01-03T12:54:56.256Z"}
{"level":"info","message":"Loaded ./app/protocols/hook.js.","timestamp":"2022-01-03T12:54:56.257Z"}
{"level":"info","message":"Loaded ./app/protocols/mqtt.js.","timestamp":"2022-01-03T12:54:56.278Z"}
{"level":"info","message":"Loaded ./app/protocols/rest.js.","timestamp":"2022-01-03T12:54:56.279Z"}
{"level":"info","message":"Loaded ./app/protocols/soap.js.","timestamp":"2022-01-03T12:54:56.311Z"}
{"level":"info","message":"Loaded ./config/fatman.json.","timestamp":"2022-01-03T12:54:56.315Z"}
{"level":"info","message":"Loaded ./config/nuuka-v2-consumption-electricity-water.json.","timestamp":"2022-01-03T12:54:56.316Z"}
{"level":"info","message":"Loaded ./config/nuuka-v2-measurements-indoor-air-electricity.json.","timestamp":"2022-01-03T12:54:56.317Z"}
{"level":"info","message":"Loaded ./config/tampuuri-service-request.json.","timestamp":"2022-01-03T12:54:56.318Z"}
{"level":"info","message":"Loaded ./config/plugins/fatman.js.","timestamp":"2022-01-03T12:54:56.319Z"}
{"level":"info","message":"Loaded ./config/plugins/kerava-indoor.js.","timestamp":"2022-01-03T12:54:56.320Z"}
{"level":"info","message":"Loaded ./config/plugins/luotettava-kumppani-interpretations.js.","timestamp":"2022-01-03T12:54:56.322Z"}
{"level":"info","message":"Loaded ./config/plugins/luotettava-kumppani-report-pdf.js.","timestamp":"2022-01-03T12:54:56.323Z"}
{"level":"info","message":"Loaded ./config/plugins/nuuka-v2-consumption-electricity-water.js.","timestamp":"2022-01-03T12:54:56.324Z"}
{"level":"info","message":"Loaded ./config/plugins/nuuka-v2-measurements-indoor-air-electricity.js.","timestamp":"2022-01-03T12:54:56.325Z"}
{"level":"info","message":"Loaded ./config/plugins/smartwatcher.js.","timestamp":"2022-01-03T12:54:56.326Z"}
{"level":"info","message":"Loaded ./config/plugins/tampuuri-service-request.js.","timestamp":"2022-01-03T12:54:56.326Z"}
{"level":"info","message":"Loaded ./config/plugins/test.js.","timestamp":"2022-01-03T12:54:56.327Z"}
{"level":"info","message":"Loaded ./config/plugins/vilpe.js.","timestamp":"2022-01-03T12:54:56.339Z"}
{"level":"info","message":"Generated RSA keys.","timestamp":"2022-01-03T12:54:56.419Z"}
